<?xml version="1.0" encoding="UTF-8"?>
<!-- Generated by org.testng.reporters.JUnitXMLReporter -->
<testsuite ignored="3" hostname="K473LTRV" failures="0" tests="1" name="Default test" time="5.812" errors="0" timestamp="2024-06-05T23:27:26 IST">
  <testcase classname="testcase.CommentsApiTest" name="deleteComment" time="5.751"/>
  <testcase classname="testcase.CommentsApiTest" name="getCommentsById" time="0.0">
    <ignored/>
  </testcase> <!-- getCommentsById -->
  <testcase classname="testcase.CommentsApiTest" name="createNewComment" time="0.0">
    <ignored/>
  </testcase> <!-- createNewComment -->
  <testcase classname="testcase.CommentsApiTest" name="getAllComments" time="0.0">
    <ignored/>
  </testcase> <!-- getAllComments -->
</testsuite> <!-- Default test -->
