<?xml version="1.0" encoding="UTF-8"?>
<testng-results ignored="0" total="1" passed="1" failed="0" skipped="0">
  <reporter-output>
  </reporter-output>
  <suite started-at="2024-06-05T23:27:20 IST" name="Default suite" finished-at="2024-06-05T23:27:26 IST" duration-ms="5812">
    <groups>
    </groups>
    <test started-at="2024-06-05T23:27:20 IST" name="Default test" finished-at="2024-06-05T23:27:26 IST" duration-ms="5812">
      <class name="testcase.CommentsApiTest">
        <test-method signature="deleteComment()[pri:0, instance:testcase.CommentsApiTest@3f4faf53]" started-at="2024-06-05T23:27:20 IST" name="deleteComment" finished-at="2024-06-05T23:27:26 IST" duration-ms="5751" status="PASS">
          <reporter-output>
          </reporter-output>
        </test-method> <!-- deleteComment -->
      </class> <!-- testcase.CommentsApiTest -->
    </test> <!-- Default test -->
  </suite> <!-- Default suite -->
</testng-results>
